{"C:\\Users\\Felhasználó\\CursorProject\\syscode\\address-service\\src\\controllers\\addressController.ts": {"path":"C:\\Users\\Felhasználó\\CursorProject\\syscode\\address-service\\src\\controllers\\addressController.ts","statementMap":{"0":{"start":{"line":2,"column":0},"end":{"line":2,"column":36}},"1":{"start":{"line":3,"column":0},"end":{"line":3,"column":38}},"2":{"start":{"line":5,"column":30},"end":{"line":15,"column":1}},"3":{"start":{"line":6,"column":18},"end":{"line":6,"column":107}},"4":{"start":{"line":7,"column":18},"end":{"line":7,"column":69}},"5":{"start":{"line":8,"column":17},"end":{"line":8,"column":93}},"6":{"start":{"line":10,"column":17},"end":{"line":10,"column":68}},"7":{"start":{"line":11,"column":17},"end":{"line":11,"column":68}},"8":{"start":{"line":12,"column":15},"end":{"line":12,"column":64}},"9":{"start":{"line":14,"column":2},"end":{"line":14,"column":45}},"10":{"start":{"line":17,"column":32},"end":{"line":30,"column":1}},"11":{"start":{"line":18,"column":2},"end":{"line":29,"column":3}},"12":{"start":{"line":19,"column":20},"end":{"line":22,"column":6}},"13":{"start":{"line":24,"column":4},"end":{"line":24,"column":74}},"14":{"start":{"line":25,"column":4},"end":{"line":25,"column":22}},"15":{"start":{"line":27,"column":4},"end":{"line":27,"column":59}},"16":{"start":{"line":28,"column":4},"end":{"line":28,"column":63}},"17":{"start":{"line":17,"column":13},"end":{"line":17,"column":32}}},"fnMap":{"0":{"name":"(anonymous_1)","decl":{"start":{"line":5,"column":30},"end":{"line":5,"column":41}},"loc":{"start":{"line":5,"column":43},"end":{"line":15,"column":1}}},"1":{"name":"(anonymous_2)","decl":{"start":{"line":17,"column":32},"end":{"line":17,"column":37}},"loc":{"start":{"line":17,"column":70},"end":{"line":30,"column":1}}}},"branchMap":{},"s":{"0":2,"1":2,"2":2,"3":4,"4":4,"5":4,"6":4,"7":4,"8":4,"9":4,"10":2,"11":4,"12":4,"13":4,"14":4,"15":0,"16":0,"17":2},"f":{"0":4,"1":4},"b":{}}
,"C:\\Users\\Felhasználó\\CursorProject\\syscode\\address-service\\src\\middleware\\auth.ts": {"path":"C:\\Users\\Felhasználó\\CursorProject\\syscode\\address-service\\src\\middleware\\auth.ts","statementMap":{"0":{"start":{"line":1,"column":0},"end":{"line":1,"column":43}},"1":{"start":{"line":2,"column":0},"end":{"line":2,"column":38}},"2":{"start":{"line":4,"column":13},"end":{"line":10,"column":2}},"3":{"start":{"line":9,"column":33},"end":{"line":9,"column":60}},"4":{"start":{"line":13,"column":23},"end":{"line":25,"column":1}},"5":{"start":{"line":14,"column":24},"end":{"line":14,"column":31}},"6":{"start":{"line":15,"column":4},"end":{"line":23,"column":6}},"7":{"start":{"line":16,"column":8},"end":{"line":21,"column":9}},"8":{"start":{"line":17,"column":12},"end":{"line":20,"column":15}},"9":{"start":{"line":22,"column":8},"end":{"line":22,"column":37}},"10":{"start":{"line":24,"column":4},"end":{"line":24,"column":25}},"11":{"start":{"line":27,"column":0},"end":{"line":27,"column":30}}},"fnMap":{"0":{"name":"(anonymous_1)","decl":{"start":{"line":9,"column":26},"end":{"line":9,"column":29}},"loc":{"start":{"line":9,"column":33},"end":{"line":9,"column":60}}},"1":{"name":"(anonymous_2)","decl":{"start":{"line":13,"column":23},"end":{"line":13,"column":24}},"loc":{"start":{"line":13,"column":57},"end":{"line":25,"column":1}}},"2":{"name":"(anonymous_3)","decl":{"start":{"line":15,"column":14},"end":{"line":15,"column":23}},"loc":{"start":{"line":15,"column":37},"end":{"line":23,"column":5}}}},"branchMap":{"0":{"loc":{"start":{"line":6,"column":9},"end":{"line":6,"column":41}},"type":"binary-expr","locations":[{"start":{"line":6,"column":9},"end":{"line":6,"column":30}},{"start":{"line":6,"column":34},"end":{"line":6,"column":41}}]},"1":{"loc":{"start":{"line":6,"column":44},"end":{"line":6,"column":83}},"type":"binary-expr","locations":[{"start":{"line":6,"column":44},"end":{"line":6,"column":69}},{"start":{"line":6,"column":73},"end":{"line":6,"column":83}}]},"2":{"loc":{"start":{"line":16,"column":8},"end":{"line":21,"column":9}},"type":"if","locations":[{"start":{"line":16,"column":8},"end":{"line":21,"column":9}}]},"3":{"loc":{"start":{"line":19,"column":22},"end":{"line":19,"column":36}},"type":"cond-expr","locations":[{"start":{"line":19,"column":30},"end":{"line":19,"column":32}},{"start":{"line":19,"column":30},"end":{"line":19,"column":36}}]},"4":{"loc":{"start":{"line":19,"column":22},"end":{"line":19,"column":32}},"type":"binary-expr","locations":[{"start":{"line":19,"column":22},"end":{"line":19,"column":32}},{"start":{"line":19,"column":30},"end":{"line":19,"column":32}}]}},"s":{"0":2,"1":2,"2":2,"3":2,"4":2,"5":6,"6":6,"7":6,"8":2,"9":6,"10":6,"11":2},"f":{"0":2,"1":6,"2":6},"b":{"0":[2,2],"1":[2,2],"2":[2],"3":[1,1],"4":[2,2]}}
}
