TN:
SF:src\controllers\addressController.ts
FN:5,(anonymous_1)
FN:17,(anonymous_2)
FNF:2
FNH:2
FNDA:4,(anonymous_1)
FNDA:4,(anonymous_2)
DA:2,2
DA:3,2
DA:5,2
DA:6,4
DA:7,4
DA:8,4
DA:10,4
DA:11,4
DA:12,4
DA:14,4
DA:17,2
DA:18,4
DA:19,4
DA:24,4
DA:25,4
DA:27,0
DA:28,0
LF:17
LH:15
BRF:0
BRH:0
end_of_record
TN:
SF:src\middleware\auth.ts
FN:9,(anonymous_1)
FN:13,(anonymous_2)
FN:15,(anonymous_3)
FNF:3
FNH:3
FNDA:2,(anonymous_1)
FNDA:6,(anonymous_2)
FNDA:6,(anonymous_3)
DA:1,2
DA:2,2
DA:4,2
DA:9,2
DA:13,2
DA:14,6
DA:15,6
DA:16,6
DA:17,2
DA:22,6
DA:24,6
DA:27,2
LF:12
LH:12
BRDA:6,0,0,2
BRDA:6,0,1,2
BRDA:6,1,0,2
BRDA:6,1,1,2
BRDA:16,2,0,2
BRDA:19,3,0,1
BRDA:19,3,1,1
BRDA:19,4,0,2
BRDA:19,4,1,2
BRF:9
BRH:9
end_of_record
