{"C:\\Users\\Felhasználó\\CursorProject\\syscode\\profile-service\\src\\controllers\\studentController.ts": {"path":"C:\\Users\\Felhasználó\\CursorProject\\syscode\\profile-service\\src\\controllers\\studentController.ts","statementMap":{"0":{"start":{"line":2,"column":0},"end":{"line":2,"column":53}},"1":{"start":{"line":3,"column":0},"end":{"line":3,"column":40}},"2":{"start":{"line":4,"column":0},"end":{"line":4,"column":38}},"3":{"start":{"line":5,"column":0},"end":{"line":5,"column":26}},"4":{"start":{"line":7,"column":28},"end":{"line":7,"column":86}},"5":{"start":{"line":10,"column":30},"end":{"line":44,"column":1}},"6":{"start":{"line":11,"column":4},"end":{"line":43,"column":5}},"7":{"start":{"line":12,"column":25},"end":{"line":12,"column":48}},"8":{"start":{"line":13,"column":8},"end":{"line":13,"column":74}},"9":{"start":{"line":16,"column":8},"end":{"line":39,"column":9}},"10":{"start":{"line":17,"column":12},"end":{"line":35,"column":13}},"11":{"start":{"line":18,"column":40},"end":{"line":22,"column":18}},"12":{"start":{"line":25,"column":46},"end":{"line":28,"column":19}},"13":{"start":{"line":25,"column":71},"end":{"line":28,"column":18}},"14":{"start":{"line":30,"column":16},"end":{"line":30,"column":48}},"15":{"start":{"line":33,"column":16},"end":{"line":33,"column":71}},"16":{"start":{"line":34,"column":16},"end":{"line":34,"column":35}},"17":{"start":{"line":38,"column":12},"end":{"line":38,"column":31}},"18":{"start":{"line":41,"column":8},"end":{"line":41,"column":67}},"19":{"start":{"line":42,"column":8},"end":{"line":42,"column":67}},"20":{"start":{"line":10,"column":13},"end":{"line":10,"column":30}},"21":{"start":{"line":47,"column":29},"end":{"line":67,"column":1}},"22":{"start":{"line":48,"column":19},"end":{"line":48,"column":40}},"23":{"start":{"line":49,"column":4},"end":{"line":52,"column":5}},"24":{"start":{"line":50,"column":8},"end":{"line":50,"column":57}},"25":{"start":{"line":51,"column":8},"end":{"line":51,"column":15}},"26":{"start":{"line":54,"column":4},"end":{"line":66,"column":5}},"27":{"start":{"line":55,"column":24},"end":{"line":55,"column":54}},"28":{"start":{"line":56,"column":8},"end":{"line":56,"column":69}},"29":{"start":{"line":57,"column":8},"end":{"line":57,"column":38}},"30":{"start":{"line":59,"column":8},"end":{"line":65,"column":9}},"31":{"start":{"line":60,"column":12},"end":{"line":60,"column":74}},"32":{"start":{"line":61,"column":12},"end":{"line":61,"column":83}},"33":{"start":{"line":63,"column":12},"end":{"line":63,"column":69}},"34":{"start":{"line":64,"column":12},"end":{"line":64,"column":71}},"35":{"start":{"line":47,"column":13},"end":{"line":47,"column":29}},"36":{"start":{"line":70,"column":29},"end":{"line":96,"column":1}},"37":{"start":{"line":71,"column":19},"end":{"line":71,"column":40}},"38":{"start":{"line":72,"column":4},"end":{"line":75,"column":5}},"39":{"start":{"line":73,"column":8},"end":{"line":73,"column":57}},"40":{"start":{"line":74,"column":8},"end":{"line":74,"column":15}},"41":{"start":{"line":77,"column":4},"end":{"line":95,"column":5}},"42":{"start":{"line":78,"column":24},"end":{"line":78,"column":61}},"43":{"start":{"line":79,"column":8},"end":{"line":83,"column":9}},"44":{"start":{"line":80,"column":12},"end":{"line":80,"column":93}},"45":{"start":{"line":81,"column":12},"end":{"line":81,"column":67}},"46":{"start":{"line":82,"column":12},"end":{"line":82,"column":19}},"47":{"start":{"line":84,"column":8},"end":{"line":84,"column":39}},"48":{"start":{"line":85,"column":8},"end":{"line":85,"column":65}},"49":{"start":{"line":86,"column":8},"end":{"line":86,"column":26}},"50":{"start":{"line":88,"column":8},"end":{"line":94,"column":9}},"51":{"start":{"line":89,"column":12},"end":{"line":89,"column":90}},"52":{"start":{"line":90,"column":12},"end":{"line":90,"column":83}},"53":{"start":{"line":92,"column":12},"end":{"line":92,"column":94}},"54":{"start":{"line":93,"column":12},"end":{"line":93,"column":71}},"55":{"start":{"line":70,"column":13},"end":{"line":70,"column":29}},"56":{"start":{"line":99,"column":29},"end":{"line":114,"column":1}},"57":{"start":{"line":100,"column":4},"end":{"line":113,"column":5}},"58":{"start":{"line":101,"column":24},"end":{"line":101,"column":61}},"59":{"start":{"line":102,"column":8},"end":{"line":106,"column":9}},"60":{"start":{"line":103,"column":12},"end":{"line":103,"column":90}},"61":{"start":{"line":104,"column":12},"end":{"line":104,"column":67}},"62":{"start":{"line":105,"column":12},"end":{"line":105,"column":19}},"63":{"start":{"line":107,"column":8},"end":{"line":107,"column":32}},"64":{"start":{"line":108,"column":8},"end":{"line":108,"column":66}},"65":{"start":{"line":109,"column":8},"end":{"line":109,"column":31}},"66":{"start":{"line":111,"column":8},"end":{"line":111,"column":87}},"67":{"start":{"line":112,"column":8},"end":{"line":112,"column":67}},"68":{"start":{"line":99,"column":13},"end":{"line":99,"column":29}}},"fnMap":{"0":{"name":"(anonymous_1)","decl":{"start":{"line":10,"column":30},"end":{"line":10,"column":35}},"loc":{"start":{"line":10,"column":83},"end":{"line":44,"column":1}}},"1":{"name":"(anonymous_2)","decl":{"start":{"line":25,"column":59},"end":{"line":25,"column":66}},"loc":{"start":{"line":25,"column":71},"end":{"line":28,"column":18}}},"2":{"name":"(anonymous_3)","decl":{"start":{"line":47,"column":29},"end":{"line":47,"column":34}},"loc":{"start":{"line":47,"column":82},"end":{"line":67,"column":1}}},"3":{"name":"(anonymous_4)","decl":{"start":{"line":70,"column":29},"end":{"line":70,"column":34}},"loc":{"start":{"line":70,"column":82},"end":{"line":96,"column":1}}},"4":{"name":"(anonymous_5)","decl":{"start":{"line":99,"column":29},"end":{"line":99,"column":34}},"loc":{"start":{"line":99,"column":82},"end":{"line":114,"column":1}}}},"branchMap":{"0":{"loc":{"start":{"line":7,"column":28},"end":{"line":7,"column":86}},"type":"binary-expr","locations":[{"start":{"line":7,"column":28},"end":{"line":7,"column":59}},{"start":{"line":7,"column":63},"end":{"line":7,"column":86}}]},"1":{"loc":{"start":{"line":16,"column":8},"end":{"line":39,"column":9}},"type":"if","locations":[{"start":{"line":16,"column":8},"end":{"line":39,"column":9}},{"start":{"line":36,"column":15},"end":{"line":39,"column":9}}]},"2":{"loc":{"start":{"line":49,"column":4},"end":{"line":52,"column":5}},"type":"if","locations":[{"start":{"line":49,"column":4},"end":{"line":52,"column":5}}]},"3":{"loc":{"start":{"line":59,"column":8},"end":{"line":65,"column":9}},"type":"if","locations":[{"start":{"line":59,"column":8},"end":{"line":65,"column":9}},{"start":{"line":62,"column":15},"end":{"line":65,"column":9}}]},"4":{"loc":{"start":{"line":72,"column":4},"end":{"line":75,"column":5}},"type":"if","locations":[{"start":{"line":72,"column":4},"end":{"line":75,"column":5}}]},"5":{"loc":{"start":{"line":79,"column":8},"end":{"line":83,"column":9}},"type":"if","locations":[{"start":{"line":79,"column":8},"end":{"line":83,"column":9}}]},"6":{"loc":{"start":{"line":88,"column":8},"end":{"line":94,"column":9}},"type":"if","locations":[{"start":{"line":88,"column":8},"end":{"line":94,"column":9}},{"start":{"line":91,"column":15},"end":{"line":94,"column":9}}]},"7":{"loc":{"start":{"line":102,"column":8},"end":{"line":106,"column":9}},"type":"if","locations":[{"start":{"line":102,"column":8},"end":{"line":106,"column":9}}]}},"s":{"0":1,"1":1,"2":1,"3":1,"4":1,"5":1,"6":5,"7":5,"8":4,"9":4,"10":2,"11":2,"12":1,"13":1,"14":1,"15":1,"16":1,"17":2,"18":1,"19":1,"20":1,"21":1,"22":4,"23":4,"24":1,"25":1,"26":3,"27":3,"28":1,"29":1,"30":2,"31":1,"32":1,"33":1,"34":1,"35":1,"36":1,"37":5,"38":5,"39":1,"40":1,"41":4,"42":4,"43":3,"44":1,"45":1,"46":1,"47":2,"48":1,"49":1,"50":2,"51":1,"52":1,"53":1,"54":1,"55":1,"56":1,"57":3,"58":3,"59":2,"60":1,"61":1,"62":1,"63":1,"64":1,"65":1,"66":1,"67":1,"68":1},"f":{"0":5,"1":1,"2":4,"3":5,"4":3},"b":{"0":[1,1],"1":[2,2],"2":[1],"3":[1,1],"4":[1],"5":[1],"6":[1,1],"7":[1]}}
,"C:\\Users\\Felhasználó\\CursorProject\\syscode\\profile-service\\src\\middleware\\studentValidation.ts": {"path":"C:\\Users\\Felhasználó\\CursorProject\\syscode\\profile-service\\src\\middleware\\studentValidation.ts","statementMap":{"0":{"start":{"line":1,"column":0},"end":{"line":1,"column":41}},"1":{"start":{"line":3,"column":13},"end":{"line":7,"column":2}}},"fnMap":{},"branchMap":{},"s":{"0":1,"1":1},"f":{},"b":{}}
,"C:\\Users\\Felhasználó\\CursorProject\\syscode\\profile-service\\src\\models\\Student.ts": {"path":"C:\\Users\\Felhasználó\\CursorProject\\syscode\\profile-service\\src\\models\\Student.ts","statementMap":{"0":{"start":{"line":1,"column":0},"end":{"line":1,"column":56}},"1":{"start":{"line":2,"column":0},"end":{"line":2,"column":43}},"2":{"start":{"line":18,"column":0},"end":{"line":44,"column":2}},"3":{"start":{"line":46,"column":0},"end":{"line":46,"column":23}}},"fnMap":{},"branchMap":{},"s":{"0":2,"1":2,"2":2,"3":2},"f":{},"b":{}}
}
