TN:
SF:src\controllers\studentController.ts
FN:10,(anonymous_1)
FN:25,(anonymous_2)
FN:47,(anonymous_3)
FN:70,(anonymous_4)
FN:99,(anonymous_5)
FNF:5
FNH:5
FNDA:5,(anonymous_1)
FNDA:1,(anonymous_2)
FNDA:4,(anonymous_3)
FNDA:5,(anonymous_4)
FNDA:3,(anonymous_5)
DA:2,1
DA:3,1
DA:4,1
DA:5,1
DA:7,1
DA:10,1
DA:11,5
DA:12,5
DA:13,4
DA:16,4
DA:17,2
DA:18,2
DA:25,1
DA:30,1
DA:33,1
DA:34,1
DA:38,2
DA:41,1
DA:42,1
DA:47,1
DA:48,4
DA:49,4
DA:50,1
DA:51,1
DA:54,3
DA:55,3
DA:56,1
DA:57,1
DA:59,2
DA:60,1
DA:61,1
DA:63,1
DA:64,1
DA:70,1
DA:71,5
DA:72,5
DA:73,1
DA:74,1
DA:77,4
DA:78,4
DA:79,3
DA:80,1
DA:81,1
DA:82,1
DA:84,2
DA:85,1
DA:86,1
DA:88,2
DA:89,1
DA:90,1
DA:92,1
DA:93,1
DA:99,1
DA:100,3
DA:101,3
DA:102,2
DA:103,1
DA:104,1
DA:105,1
DA:107,1
DA:108,1
DA:109,1
DA:111,1
DA:112,1
LF:64
LH:64
BRDA:7,0,0,1
BRDA:7,0,1,1
BRDA:16,1,0,2
BRDA:16,1,1,2
BRDA:49,2,0,1
BRDA:59,3,0,1
BRDA:59,3,1,1
BRDA:72,4,0,1
BRDA:79,5,0,1
BRDA:88,6,0,1
BRDA:88,6,1,1
BRDA:102,7,0,1
BRF:12
BRH:12
end_of_record
TN:
SF:src\middleware\studentValidation.ts
FNF:0
FNH:0
DA:1,1
DA:3,1
LF:2
LH:2
BRF:0
BRH:0
end_of_record
TN:
SF:src\models\Student.ts
FNF:0
FNH:0
DA:1,2
DA:2,2
DA:18,2
DA:46,2
LF:4
LH:4
BRF:0
BRH:0
end_of_record
